{"timestamp": "2025-12-01 12:07:18", "level": "INFO", "message": {"event_type": "ACCESS_CONTROL", "user": "admin", "success": true, "details": {"role": "admin", "resource": "login", "action": "login", "granted": true, "reason": null}}}
{"timestamp": "2025-12-01 12:07:24", "level": "INFO", "message": {"event_type": "ACCESS_CONTROL", "user": "admin", "success": true, "details": {"role": "admin", "resource": "logout", "action": "logout", "granted": true, "reason": null}}}
{"timestamp": "2025-12-01 12:08:26", "level": "INFO", "message": {"event_type": "ACCESS_CONTROL", "user": "admin", "success": true, "details": {"role": "admin", "resource": "login", "action": "login", "granted": true, "reason": null}}}
{"timestamp": "2025-12-01 12:09:06", "level": "INFO", "message": {"event_type": "DATA_ACCESS", "user": "admin", "success": true, "details": {"operation": "UPLOAD", "file_path": "uploads\\20251201_120906_test_data.csv", "records_count": 15}}}
{"timestamp": "2025-12-01 12:17:35", "level": "INFO", "message": {"event_type": "ACCESS_CONTROL", "user": "admin", "success": true, "details": {"role": "admin", "resource": "login", "action": "login", "granted": true, "reason": null}}}
{"timestamp": "2025-12-01 12:17:47", "level": "INFO", "message": {"event_type": "DATA_ACCESS", "user": "admin", "success": true, "details": {"operation": "UPLOAD", "file_path": "uploads\\20251201_121747_test_data.csv", "records_count": 15}}}
{"timestamp": "2025-12-01 12:24:48", "level": "INFO", "message": {"event_type": "ACCESS_CONTROL", "user": "admin", "success": true, "details": {"role": "admin", "resource": "login", "action": "login", "granted": true, "reason": null}}}
{"timestamp": "2025-12-01 12:31:20", "level": "WARNING", "message": {"event_type": "ACCESS_CONTROL", "user": "admin", "success": false, "details": {"role": "unknown", "resource": "login", "action": "login", "granted": false, "reason": "Invalid credentials"}}}
{"timestamp": "2025-12-01 12:31:27", "level": "WARNING", "message": {"event_type": "ACCESS_CONTROL", "user": "admin", "success": false, "details": {"role": "unknown", "resource": "login", "action": "login", "granted": false, "reason": "Invalid credentials"}}}
{"timestamp": "2025-12-01 12:31:45", "level": "WARNING", "message": {"event_type": "ACCESS_CONTROL", "user": "admin", "success": false, "details": {"role": "unknown", "resource": "login", "action": "login", "granted": false, "reason": "Invalid credentials"}}}
{"timestamp": "2025-12-01 12:33:14", "level": "WARNING", "message": {"event_type": "ACCESS_CONTROL", "user": "admin", "success": false, "details": {"role": "unknown", "resource": "login", "action": "login", "granted": false, "reason": "Invalid credentials"}}}
{"timestamp": "2025-12-01 12:35:36", "level": "WARNING", "message": {"event_type": "ACCESS_CONTROL", "user": "admin", "success": false, "details": {"role": "unknown", "resource": "login", "action": "login", "granted": false, "reason": "Invalid credentials"}}}
{"timestamp": "2025-12-01 12:36:16", "level": "INFO", "message": {"event_type": "ACCESS_CONTROL", "user": "admin", "success": true, "details": {"role": "admin", "resource": "login", "action": "login", "granted": true, "reason": null}}}
{"timestamp": "2025-12-01 12:36:25", "level": "INFO", "message": {"event_type": "DATA_ACCESS", "user": "admin", "success": true, "details": {"operation": "UPLOAD", "file_path": "uploads\\20251201_123625_test_data.csv", "records_count": 15}}}
{"timestamp": "2025-12-01 12:36:42", "level": "INFO", "message": {"event_type": "ACCESS_CONTROL", "user": "admin", "success": true, "details": {"role": "admin", "resource": "logout", "action": "logout", "granted": true, "reason": null}}}
{"timestamp": "2025-12-01 12:36:47", "level": "WARNING", "message": {"event_type": "SECURITY_EVENT", "user": "ad", "success": true, "details": {"event_type": "INVALID_INPUT", "description": "Invalid username format in login attempt", "severity": "WARNING", "additional_data": {"error": "Username must be between 3 and 50 characters", "ip": "172.15.93.105"}}}}
{"timestamp": "2025-12-01 12:36:56", "level": "WARNING", "message": {"event_type": "SECURITY_EVENT", "user": "af", "success": true, "details": {"event_type": "INVALID_INPUT", "description": "Invalid username format in login attempt", "severity": "WARNING", "additional_data": {"error": "Username must be between 3 and 50 characters", "ip": "172.15.93.105"}}}}
{"timestamp": "2025-12-01 12:37:05", "level": "WARNING", "message": {"event_type": "ACCESS_CONTROL", "user": "admin", "success": false, "details": {"role": "unknown", "resource": "login", "action": "login", "granted": false, "reason": "Invalid credentials"}}}
{"timestamp": "2025-12-01 12:45:16", "level": "INFO", "message": {"event_type": "ACCESS_CONTROL", "user": "admin", "success": true, "details": {"role": "admin", "resource": "login", "action": "login", "granted": true, "reason": null}}}
{"timestamp": "2025-12-01 12:45:35", "level": "INFO", "message": {"event_type": "ACCESS_CONTROL", "user": "admin", "success": true, "details": {"role": "admin", "resource": "logout", "action": "logout", "granted": true, "reason": null}}}
